#
# A fatal error has been detected by the Java Runtime Environment:
#
#  EXCEPTION_UNCAUGHT_CXX_EXCEPTION (0xe06d7363) at pc=0x00007ff86c92ab89, pid=3524, tid=0x00000000000019c4
#
# JRE version: Java(TM) SE Runtime Environment (8.0_391) (build 1.8.0_391-b13)
# Java VM: Java HotSpot(TM) 64-Bit Server VM (25.391-b13 mixed mode windows-amd64 compressed oops)
# Problematic frame:
# C  [KERNELBASE.dll+0x2ab89]
#
# Failed to write core dump. Minidumps are not enabled by default on client versions of Windows
#
# If you would like to submit a bug report, please visit:
#   http://bugreport.java.com/bugreport/crash.jsp
# The crash happened outside the Java Virtual Machine in native code.
# See problematic frame for where to report the bug.
#

---------------  T H R E A D  ---------------

Current thread (0x0000027f5665b800):  JavaThread "main" [_thread_in_native, id=6596, stack(0x000000a1ace00000,0x000000a1acff0000)]

siginfo: ExceptionCode=0xe06d7363, ExceptionInformation=0x0000000019930520 0x000000a1acfe9e68 0x00007ff84e5d90b0 0x00007ff84e570000 

Registers:
RAX=0x0000027f59d72df8, RBX=0x00007ff84e5d90b0, RCX=0x00000000eac78238, RDX=0x00000000eac78d98
RSP=0x000000a1acfe9cb0, RBP=0x000000a1acfe9ef0, RSI=0x000000a1acfe9e68, RDI=0x0000000019930520
R8 =0x00000000c0ac0620, R9 =0x00000000c0011fd8, R10=0x000000a1acfe9548, R11=0x0000027f6bab5cb8
R12=0x000000a1acfe9fe0, R13=0x0000027f58755f30, R14=0x0000000000000000, R15=0x0000027f59c60540
RIP=0x00007ff86c92ab89, EFLAGS=0x0000000000000202

Top of Stack: (sp=0x000000a1acfe9cb0)
0x000000a1acfe9cb0:   0000000000000000 00007ff84e5d90b0
0x000000a1acfe9cc0:   000000a1acfe9e68 0000000000000000
0x000000a1acfe9cd0:   00000001e06d7363 0000000000000000
0x000000a1acfe9ce0:   00007ff86c92ab89 0000000000000004
0x000000a1acfe9cf0:   0000000019930520 000000a1acfe9e68
0x000000a1acfe9d00:   00007ff84e5d90b0 00007ff84e570000
0x000000a1acfe9d10:   0000027f58755f30 000000a1acfe9fe0
0x000000a1acfe9d20:   000000a1acfe9e68 000000a1acfe9ef0
0x000000a1acfe9d30:   000000a1acfe9db0 00007ff86ee24a5f
0x000000a1acfe9d40:   0000000019930520 00007ff800000000
0x000000a1acfe9d50:   0000000000000000 00007ff84e58c09a
0x000000a1acfe9d60:   00007ff84e5e0000 00007ff84e570000
0x000000a1acfe9d70:   0000d71420b25a39 00007ff855cd68de
0x000000a1acfe9d80:   00007ff84e5d90b0 00007ff855cd6ba7
0x000000a1acfe9d90:   000000a1acfe9e28 0000027f58d33558
0x000000a1acfe9da0:   000000a1acfe9ef0 00007ff84e589071 

Instructions: (pc=0x00007ff86c92ab89)
0x00007ff86c92ab69:   8b d1 44 0f 47 c0 44 89 44 24 38 49 c1 e0 03 e8
0x00007ff86c92ab79:   ba bf 08 00 48 8d 4c 24 20 48 ff 15 bf a5 1b 00
0x00007ff86c92ab89:   0f 1f 44 00 00 48 8b 8c 24 c0 00 00 00 48 33 cc
0x00007ff86c92ab99:   e8 32 aa 06 00 48 81 c4 d8 00 00 00 c3 cc 83 64 


Register to memory mapping:

RAX=0x0000027f59d72df8 is at code_begin+24 in an Interpreter codelet
result handlers for native calls  [0x0000027f59d72de0, 0x0000027f59d72e00]  32 bytes
RBX=0x00007ff84e5d90b0 is an unknown value
RCX=0x00000000eac78238 is an oop
[J 
 - klass: {type array long}
 - length: 0
RDX=0x00000000eac78d98 is an oop
[J 
 - klass: {type array long}
 - length: 3
RSP=0x000000a1acfe9cb0 is pointing into the stack for thread: 0x0000027f5665b800
RBP=0x000000a1acfe9ef0 is pointing into the stack for thread: 0x0000027f5665b800
RSI=0x000000a1acfe9e68 is pointing into the stack for thread: 0x0000027f5665b800
RDI=0x0000000019930520 is an unknown value
R8 =0x00000000c0ac0620 is an oop
org.jpype.manager.ClassDescriptor 
 - klass: 'org/jpype/manager/ClassDescriptor'
 - ---- fields (total size 9 words):
 - public 'methodCounter' 'I' @12  3
 - public 'classPtr' 'J' @16  2745968189232 (58755f30 27f)
 - public 'constructorDispatch' 'J' @24  0 (0 0)
 - public 'anonymous' 'J' @32  0 (0 0)
 - public 'functional_interface_parameter_count' 'I' @40  0
 - public strict 'cls' 'Ljava/lang/Class;' @44  a 'java/lang/Class' = 'java/lang/Iterable' (c0083698 0)
 - public 'constructors' '[J' @48  NULL (0 eac78d98)
 - public 'methodDispatch' '[J' @52  [J (eac78d98 eac78d78)
 - public 'methodIndex' '[Ljava/lang/reflect/Executable;' @56  a 'java/lang/reflect/Method'[3]  (eac78d78 eac78d50)
 - public 'methods' '[J' @60  [J (eac78d50 eac78238)
 - public 'fields' '[J' @64  [J (eac78238 0)
R9 =0x00000000c0011fd8 is an oop
org.jpype.manager.TypeFactoryNative 
 - klass: 'org/jpype/manager/TypeFactoryNative'
 - ---- fields (total size 3 words):
 - public 'context' 'J' @16  0 (0 0)
R10=0x000000a1acfe9548 is pointing into the stack for thread: 0x0000027f5665b800
R11=0x0000027f6bab5cb8 is pointing into metadata
R12=0x000000a1acfe9fe0 is pointing into the stack for thread: 0x0000027f5665b800
R13=0x0000027f58755f30 is an unknown value
R14=0x0000000000000000 is an unknown value
R15=0x0000027f59c60540 is an unknown value


Stack: [0x000000a1ace00000,0x000000a1acff0000],  sp=0x000000a1acfe9cb0,  free space=1959k
Native frames: (J=compiled Java code, j=interpreted, Vv=VM code, C=native code)
C  [KERNELBASE.dll+0x2ab89]
C  [VCRUNTIME140.dll+0x6ba7]
C  0x00007ff84e5add7e
C  0x00007ff84e59c35b
C  0x0000027f59d7a02e

Java frames: (J=compiled Java code, j=interpreted, Vv=VM code)
j  org.jpype.manager.TypeFactoryNative.newWrapper(JJ)V+0
j  org.jpype.JPypeContext.newWrapper(J)V+16
v  ~StubRoutines::call_stub
j  org.jpype.manager.TypeFactoryNative.newWrapper(JJ)V+0
j  org.jpype.JPypeContext.newWrapper(J)V+16
v  ~StubRoutines::call_stub
j  org.jpype.manager.TypeFactoryNative.newWrapper(JJ)V+0
j  org.jpype.JPypeContext.newWrapper(J)V+16
v  ~StubRoutines::call_stub
j  org.jpype.manager.TypeFactoryNative.newWrapper(JJ)V+0
j  org.jpype.JPypeContext.newWrapper(J)V+16
v  ~StubRoutines::call_stub
j  org.jpype.manager.TypeFactoryNative.newWrapper(JJ)V+0
j  org.jpype.JPypeContext.newWrapper(J)V+16
v  ~StubRoutines::call_stub

---------------  P R O C E S S  ---------------

Java Threads: ( => current thread )
  0x0000027f58d35800 JavaThread "Python Reference Queue" daemon [_thread_blocked, id=18836, stack(0x000000a1b2990000,0x000000a1b2b80000)]
  0x0000027f58620000 JavaThread "Service Thread" daemon [_thread_blocked, id=9788, stack(0x000000a1b25b0000,0x000000a1b27a0000)]
  0x0000027f58aec000 JavaThread "C1 CompilerThread2" daemon [_thread_blocked, id=1508, stack(0x000000a1b23c0000,0x000000a1b25b0000)]
  0x0000027f58ae9800 JavaThread "C2 CompilerThread1" daemon [_thread_blocked, id=4248, stack(0x000000a1b21d0000,0x000000a1b23c0000)]
  0x0000027f58adc800 JavaThread "C2 CompilerThread0" daemon [_thread_blocked, id=19600, stack(0x000000a1b1fe0000,0x000000a1b21d0000)]
  0x0000027f58adb800 JavaThread "Attach Listener" daemon [_thread_blocked, id=6676, stack(0x000000a1b1df0000,0x000000a1b1fe0000)]
  0x0000027f58adb000 JavaThread "Signal Dispatcher" daemon [_thread_blocked, id=16484, stack(0x000000a1b1c00000,0x000000a1b1df0000)]
  0x0000027f58924800 JavaThread "Finalizer" daemon [_thread_blocked, id=15744, stack(0x000000a1b1a10000,0x000000a1b1c00000)]
  0x0000027f58b5a000 JavaThread "Reference Handler" daemon [_thread_blocked, id=7520, stack(0x000000a1b1820000,0x000000a1b1a10000)]
=>0x0000027f5665b800 JavaThread "main" [_thread_in_native, id=6596, stack(0x000000a1ace00000,0x000000a1acff0000)]

Other Threads:
  0x0000027f5630b800 VMThread [stack: 0x000000a1b1630000,0x000000a1b1820000] [id=4708]
  0x0000027f56306000 WatcherThread [stack: 0x000000a1b27a0000,0x000000a1b2990000] [id=5516]

VM state:not at safepoint (normal execution)

VM Mutex/Monitor currently owned by a thread: None

heap address: 0x00000000c0000000, size: 1024 MB, Compressed Oops mode: 32-bit
Narrow klass base: 0x0000000000000000, Narrow klass shift: 3
Compressed class space size: 1073741824 Address: 0x0000000100000000

Heap:
 PSYoungGen      total 327680K, used 9355K [0x00000000eab00000, 0x0000000100000000, 0x0000000100000000)
  eden space 306176K, 3% used [0x00000000eab00000,0x00000000eb422c10,0x00000000fd600000)
  from space 21504K, 0% used [0x00000000feb00000,0x00000000feb00000,0x0000000100000000)
  to   space 21504K, 0% used [0x00000000fd600000,0x00000000fd600000,0x00000000feb00000)
 ParOldGen       total 349696K, used 331171K [0x00000000c0000000, 0x00000000d5580000, 0x00000000eab00000)
  object space 349696K, 94% used [0x00000000c0000000,0x00000000d4368f50,0x00000000d5580000)
 Metaspace       used 7139K, capacity 7386K, committed 7680K, reserved 1056768K
  class space    used 785K, capacity 911K, committed 1024K, reserved 1048576K

Card table byte_map: [0x0000027f69120000,0x0000027f69330000] byte_map_base: 0x0000027f68b20000

Marking Bits: (ParMarkBitMap*) 0x00007ffff8746040
 Begin Bits: [0x0000027f69490000, 0x0000027f6a490000)
 End Bits:   [0x0000027f6a490000, 0x0000027f6b490000)

Polling page: 0x0000027f59d30000

CodeCache: size=245760Kb used=7149Kb max_used=7176Kb free=238610Kb
 bounds [0x0000027f59d60000, 0x0000027f5a470000, 0x0000027f68d60000]
 total_blobs=1757 nmethods=1423 adapters=247
 compilation: enabled

Compilation events (10 events):
Event: 10.041 Thread 0x0000027f58adc800 nmethod 1367 0x0000027f5a454b90 code [0x0000027f5a454d60, 0x0000027f5a4556f8]
Event: 10.041 Thread 0x0000027f58adc800 1368       4       org.snu.ids.ha.dic.SpacingPDDictionary::getKey (19 bytes)
Event: 10.044 Thread 0x0000027f58adc800 nmethod 1368 0x0000027f5a444890 code [0x0000027f5a4449e0, 0x0000027f5a444c78]
Event: 10.067 Thread 0x0000027f58aec000 1482       3       java.lang.Class::isAnonymousClass (10 bytes)
Event: 10.067 Thread 0x0000027f58aec000 nmethod 1482 0x0000027f5a444390 code [0x0000027f5a444500, 0x0000027f5a4447c0]
Event: 10.067 Thread 0x0000027f58aec000 1483       3       java.lang.reflect.Modifier::toString (202 bytes)
Event: 10.068 Thread 0x0000027f58aec000 nmethod 1483 0x0000027f5a4569d0 code [0x0000027f5a456cc0, 0x0000027f5a458420]
Event: 10.068 Thread 0x0000027f58aec000 1485       3       java.util.ArrayList::<init> (63 bytes)
Event: 10.068 Thread 0x0000027f58aec000 nmethod 1485 0x0000027f5a456110 code [0x0000027f5a4562c0, 0x0000027f5a456800]
Event: 10.068 Thread 0x0000027f58aec000 1484       3       org.jpype.manager.TypeManager::createMethods (380 bytes)

GC Heap History (10 events):
Event: 8.752 GC heap before
{Heap before GC invocations=56 (full 26):
 PSYoungGen      total 327680K, used 2719K [0x00000000eab00000, 0x0000000100000000, 0x0000000100000000)
  eden space 306176K, 0% used [0x00000000eab00000,0x00000000eab00000,0x00000000fd600000)
  from space 21504K, 12% used [0x00000000feb00000,0x00000000feda7f40,0x0000000100000000)
  to   space 21504K, 0% used [0x00000000fd600000,0x00000000fd600000,0x00000000feb00000)
 ParOldGen       total 349696K, used 328697K [0x00000000c0000000, 0x00000000d5580000, 0x00000000eab00000)
  object space 349696K, 93% used [0x00000000c0000000,0x00000000d40fe790,0x00000000d5580000)
 Metaspace       used 6775K, capacity 7034K, committed 7296K, reserved 1056768K
  class space    used 760K, capacity 879K, committed 896K, reserved 1048576K
Event: 9.245 GC heap after
Heap after GC invocations=56 (full 26):
 PSYoungGen      total 327680K, used 0K [0x00000000eab00000, 0x0000000100000000, 0x0000000100000000)
  eden space 306176K, 0% used [0x00000000eab00000,0x00000000eab00000,0x00000000fd600000)
  from space 21504K, 0% used [0x00000000feb00000,0x00000000feb00000,0x0000000100000000)
  to   space 21504K, 0% used [0x00000000fd600000,0x00000000fd600000,0x00000000feb00000)
 ParOldGen       total 349696K, used 331263K [0x00000000c0000000, 0x00000000d5580000, 0x00000000eab00000)
  object space 349696K, 94% used [0x00000000c0000000,0x00000000d437fed0,0x00000000d5580000)
 Metaspace       used 6775K, capacity 7034K, committed 7296K, reserved 1056768K
  class space    used 760K, capacity 879K, committed 896K, reserved 1048576K
}
Event: 9.319 GC heap before
{Heap before GC invocations=57 (full 26):
 PSYoungGen      total 327680K, used 7364K [0x00000000eab00000, 0x0000000100000000, 0x0000000100000000)
  eden space 306176K, 2% used [0x00000000eab00000,0x00000000eb2313b8,0x00000000fd600000)
  from space 21504K, 0% used [0x00000000feb00000,0x00000000feb00000,0x0000000100000000)
  to   space 21504K, 0% used [0x00000000fd600000,0x00000000fd600000,0x00000000feb00000)
 ParOldGen       total 349696K, used 331263K [0x00000000c0000000, 0x00000000d5580000, 0x00000000eab00000)
  object space 349696K, 94% used [0x00000000c0000000,0x00000000d437fed0,0x00000000d5580000)
 Metaspace       used 6974K, capacity 7226K, committed 7296K, reserved 1056768K
  class space    used 781K, capacity 879K, committed 896K, reserved 1048576K
Event: 9.320 GC heap after
Heap after GC invocations=57 (full 26):
 PSYoungGen      total 327680K, used 192K [0x00000000eab00000, 0x0000000100000000, 0x0000000100000000)
  eden space 306176K, 0% used [0x00000000eab00000,0x00000000eab00000,0x00000000fd600000)
  from space 21504K, 0% used [0x00000000fd600000,0x00000000fd630000,0x00000000feb00000)
  to   space 21504K, 0% used [0x00000000feb00000,0x00000000feb00000,0x0000000100000000)
 ParOldGen       total 349696K, used 331263K [0x00000000c0000000, 0x00000000d5580000, 0x00000000eab00000)
  object space 349696K, 94% used [0x00000000c0000000,0x00000000d437fed0,0x00000000d5580000)
 Metaspace       used 6974K, capacity 7226K, committed 7296K, reserved 1056768K
  class space    used 781K, capacity 879K, committed 896K, reserved 1048576K
}
Event: 9.320 GC heap before
{Heap before GC invocations=58 (full 27):
 PSYoungGen      total 327680K, used 192K [0x00000000eab00000, 0x0000000100000000, 0x0000000100000000)
  eden space 306176K, 0% used [0x00000000eab00000,0x00000000eab00000,0x00000000fd600000)
  from space 21504K, 0% used [0x00000000fd600000,0x00000000fd630000,0x00000000feb00000)
  to   space 21504K, 0% used [0x00000000feb00000,0x00000000feb00000,0x0000000100000000)
 ParOldGen       total 349696K, used 331263K [0x00000000c0000000, 0x00000000d5580000, 0x00000000eab00000)
  object space 349696K, 94% used [0x00000000c0000000,0x00000000d437fed0,0x00000000d5580000)
 Metaspace       used 6974K, capacity 7226K, committed 7296K, reserved 1056768K
  class space    used 781K, capacity 879K, committed 896K, reserved 1048576K
Event: 9.727 GC heap after
Heap after GC invocations=58 (full 27):
 PSYoungGen      total 327680K, used 0K [0x00000000eab00000, 0x0000000100000000, 0x0000000100000000)
  eden space 306176K, 0% used [0x00000000eab00000,0x00000000eab00000,0x00000000fd600000)
  from space 21504K, 0% used [0x00000000fd600000,0x00000000fd600000,0x00000000feb00000)
  to   space 21504K, 0% used [0x00000000feb00000,0x00000000feb00000,0x0000000100000000)
 ParOldGen       total 349696K, used 331170K [0x00000000c0000000, 0x00000000d5580000, 0x00000000eab00000)
  object space 349696K, 94% used [0x00000000c0000000,0x00000000d4368890,0x00000000d5580000)
 Metaspace       used 6974K, capacity 7226K, committed 7296K, reserved 1056768K
  class space    used 781K, capacity 879K, committed 896K, reserved 1048576K
}
Event: 9.811 GC heap before
{Heap before GC invocations=59 (full 27):
 PSYoungGen      total 327680K, used 9355K [0x00000000eab00000, 0x0000000100000000, 0x0000000100000000)
  eden space 306176K, 3% used [0x00000000eab00000,0x00000000eb422c48,0x00000000fd600000)
  from space 21504K, 0% used [0x00000000fd600000,0x00000000fd600000,0x00000000feb00000)
  to   space 21504K, 0% used [0x00000000feb00000,0x00000000feb00000,0x0000000100000000)
 ParOldGen       total 349696K, used 331170K [0x00000000c0000000, 0x00000000d5580000, 0x00000000eab00000)
  object space 349696K, 94% used [0x00000000c0000000,0x00000000d4368890,0x00000000d5580000)
 Metaspace       used 7099K, capacity 7354K, committed 7552K, reserved 1056768K
  class space    used 781K, capacity 879K, committed 896K, reserved 1048576K
Event: 9.812 GC heap after
Heap after GC invocations=59 (full 27):
 PSYoungGen      total 327680K, used 64K [0x00000000eab00000, 0x0000000100000000, 0x0000000100000000)
  eden space 306176K, 0% used [0x00000000eab00000,0x00000000eab00000,0x00000000fd600000)
  from space 21504K, 0% used [0x00000000feb00000,0x00000000feb10000,0x0000000100000000)
  to   space 21504K, 0% used [0x00000000fd600000,0x00000000fd600000,0x00000000feb00000)
 ParOldGen       total 349696K, used 331178K [0x00000000c0000000, 0x00000000d5580000, 0x00000000eab00000)
  object space 349696K, 94% used [0x00000000c0000000,0x00000000d436a890,0x00000000d5580000)
 Metaspace       used 7099K, capacity 7354K, committed 7552K, reserved 1056768K
  class space    used 781K, capacity 879K, committed 896K, reserved 1048576K
}
Event: 9.812 GC heap before
{Heap before GC invocations=60 (full 28):
 PSYoungGen      total 327680K, used 64K [0x00000000eab00000, 0x0000000100000000, 0x0000000100000000)
  eden space 306176K, 0% used [0x00000000eab00000,0x00000000eab00000,0x00000000fd600000)
  from space 21504K, 0% used [0x00000000feb00000,0x00000000feb10000,0x0000000100000000)
  to   space 21504K, 0% used [0x00000000fd600000,0x00000000fd600000,0x00000000feb00000)
 ParOldGen       total 349696K, used 331178K [0x00000000c0000000, 0x00000000d5580000, 0x00000000eab00000)
  object space 349696K, 94% used [0x00000000c0000000,0x00000000d436a890,0x00000000d5580000)
 Metaspace       used 7099K, capacity 7354K, committed 7552K, reserved 1056768K
  class space    used 781K, capacity 879K, committed 896K, reserved 1048576K
Event: 10.014 GC heap after
Heap after GC invocations=60 (full 28):
 PSYoungGen      total 327680K, used 0K [0x00000000eab00000, 0x0000000100000000, 0x0000000100000000)
  eden space 306176K, 0% used [0x00000000eab00000,0x00000000eab00000,0x00000000fd600000)
  from space 21504K, 0% used [0x00000000feb00000,0x00000000feb00000,0x0000000100000000)
  to   space 21504K, 0% used [0x00000000fd600000,0x00000000fd600000,0x00000000feb00000)
 ParOldGen       total 349696K, used 331171K [0x00000000c0000000, 0x00000000d5580000, 0x00000000eab00000)
  object space 349696K, 94% used [0x00000000c0000000,0x00000000d4368f50,0x00000000d5580000)
 Metaspace       used 7099K, capacity 7354K, committed 7552K, reserved 1056768K
  class space    used 781K, capacity 879K, committed 896K, reserved 1048576K
}

Deoptimization events (10 events):
Event: 9.271 Thread 0x0000027f5665b800 Uncommon trap: reason=unstable_if action=reinterpret pc=0x0000027f5a03a048 method=sun.misc.FDBigInteger.cmp(Lsun/misc/FDBigInteger;)I @ 22
Event: 9.273 Thread 0x0000027f5665b800 Uncommon trap: reason=bimorphic action=maybe_recompile pc=0x0000027f5a170f88 method=java.util.Hashtable.get(Ljava/lang/Object;)Ljava/lang/Object; @ 6
Event: 9.273 Thread 0x0000027f5665b800 Uncommon trap: reason=bimorphic action=maybe_recompile pc=0x0000027f5a170f88 method=java.util.Hashtable.get(Ljava/lang/Object;)Ljava/lang/Object; @ 6
Event: 9.729 Thread 0x0000027f5665b800 Uncommon trap: reason=bimorphic action=maybe_recompile pc=0x0000027f5a3cf4c0 method=java.util.regex.Pattern$BmpCharProperty.match(Ljava/util/regex/Matcher;ILjava/lang/CharSequence;)Z @ 31
Event: 9.729 Thread 0x0000027f5665b800 Uncommon trap: reason=bimorphic action=maybe_recompile pc=0x0000027f5a3cf448 method=java.util.regex.Pattern$BmpCharProperty.match(Ljava/util/regex/Matcher;ILjava/lang/CharSequence;)Z @ 16
Event: 9.729 Thread 0x0000027f5665b800 Uncommon trap: reason=bimorphic action=maybe_recompile pc=0x0000027f5a3cf448 method=java.util.regex.Pattern$BmpCharProperty.match(Ljava/util/regex/Matcher;ILjava/lang/CharSequence;)Z @ 16
Event: 9.729 Thread 0x0000027f5665b800 Uncommon trap: reason=bimorphic action=maybe_recompile pc=0x0000027f5a3cf448 method=java.util.regex.Pattern$BmpCharProperty.match(Ljava/util/regex/Matcher;ILjava/lang/CharSequence;)Z @ 16
Event: 9.733 Thread 0x0000027f5665b800 Uncommon trap: reason=unstable_if action=reinterpret pc=0x0000027f5a3a5af4 method=org.snu.ids.ha.dic.PDDictionary.getPrTag(J)J @ 29
Event: 9.739 Thread 0x0000027f5665b800 Uncommon trap: reason=bimorphic action=maybe_recompile pc=0x0000027f5a170f88 method=java.util.Hashtable.get(Ljava/lang/Object;)Ljava/lang/Object; @ 6
Event: 10.018 Thread 0x0000027f5665b800 Uncommon trap: reason=unstable_if action=reinterpret pc=0x0000027f59f7c740 method=java.lang.CharacterData.of(I)Ljava/lang/CharacterData; @ 4

Classes redefined (0 events):
No events

Internal exceptions (10 events):
Event: 0.591 Thread 0x0000027f5665b800 Exception <a 'sun/nio/fs/WindowsException'> (0x00000000eb11c3c8) thrown at [C:\jenkins\workspace\8-2-build-windows-x64-cygwin-sans-NAS\jdk8u391\514\hotspot\src\share\vm\prims\jni.cpp, line 710]
Event: 1.060 Thread 0x0000027f5665b800 Exception <a 'java/security/PrivilegedActionException'> (0x00000000eae35520) thrown at [C:\jenkins\workspace\8-2-build-windows-x64-cygwin-sans-NAS\jdk8u391\514\hotspot\src\share\vm\prims\jvm.cpp, line 1513]
Event: 1.060 Thread 0x0000027f5665b800 Exception <a 'java/security/PrivilegedActionException'> (0x00000000eae35730) thrown at [C:\jenkins\workspace\8-2-build-windows-x64-cygwin-sans-NAS\jdk8u391\514\hotspot\src\share\vm\prims\jvm.cpp, line 1513]
Event: 1.123 Thread 0x0000027f5665b800 Implicit null exception at 0x0000027f59f9a692 to 0x0000027f59f9a799
Event: 1.124 Thread 0x0000027f5665b800 Implicit null exception at 0x0000027f59f9ab04 to 0x0000027f59f9ab45
Event: 1.412 Thread 0x0000027f5665b800 Implicit null exception at 0x0000027f5a0500eb to 0x0000027f5a050379
Event: 1.897 Thread 0x0000027f5665b800 Implicit null exception at 0x0000027f59f49154 to 0x0000027f59f49571
Event: 3.332 Thread 0x0000027f5665b800 Implicit null exception at 0x0000027f5a0b57fc to 0x0000027f5a0b68ad
Event: 3.332 Thread 0x0000027f5665b800 Implicit null exception at 0x0000027f59f66454 to 0x0000027f59f667ed
Event: 3.669 Thread 0x0000027f5665b800 Implicit null exception at 0x0000027f5a0be8ac to 0x0000027f5a0bea81

Events (10 events):
Event: 10.018 loading class java/util/TimSort done
Event: 10.018 Thread 0x0000027f5665b800 Uncommon trap: trap_request=0xffffff65 fr.pc=0x0000027f59f7c740
Event: 10.018 Thread 0x0000027f5665b800 DEOPT PACKING pc=0x0000027f59f7c740 sp=0x000000a1acfed050
Event: 10.018 Thread 0x0000027f5665b800 DEOPT UNPACKING pc=0x0000027f59da58c3 sp=0x000000a1acfecff0 mode 2
Event: 10.018 loading class java/lang/CharacterData00
Event: 10.019 loading class java/lang/CharacterData00 done
Event: 10.019 Executing VM operation: Deoptimize
Event: 10.020 Executing VM operation: Deoptimize done
Event: 10.020 loading class org/snu/ids/ha/index/KeywordExtractor$1
Event: 10.020 loading class org/snu/ids/ha/index/KeywordExtractor$1 done


Dynamic libraries:
0x00007ff6dd820000 - 0x00007ff6dd83a000 	c:\python\python.exe
0x00007ff86edf0000 - 0x00007ff86efe8000 	C:\Windows\SYSTEM32\ntdll.dll
0x00007ff86d290000 - 0x00007ff86d34d000 	C:\Windows\System32\KERNEL32.DLL
0x00007ff86c900000 - 0x00007ff86cbf6000 	C:\Windows\System32\KERNELBASE.dll
0x00007ff86c800000 - 0x00007ff86c900000 	C:\Windows\System32\ucrtbase.dll
0x00007ff801330000 - 0x00007ff8019d9000 	c:\python\python312.dll
0x00007ff855cd0000 - 0x00007ff855ced000 	c:\python\VCRUNTIME140.dll
0x00007ff86d180000 - 0x00007ff86d1eb000 	C:\Windows\System32\WS2_32.dll
0x00007ff86e240000 - 0x00007ff86e363000 	C:\Windows\System32\RPCRT4.dll
0x00007ff86c7a0000 - 0x00007ff86c7c7000 	C:\Windows\System32\bcrypt.dll
0x00007ff867430000 - 0x00007ff86743a000 	C:\Windows\SYSTEM32\VERSION.dll
0x00007ff86ce20000 - 0x00007ff86ced0000 	C:\Windows\System32\ADVAPI32.dll
0x00007ff86cfb0000 - 0x00007ff86d04e000 	C:\Windows\System32\msvcrt.dll
0x00007ff86d1f0000 - 0x00007ff86d290000 	C:\Windows\System32\sechost.dll
0x00007ff86c4a0000 - 0x00007ff86c522000 	C:\Windows\System32\bcryptprimitives.dll
0x0000027f3af80000 - 0x0000027f3af8f000 	c:\python\python3.DLL
0x00007ff8655a0000 - 0x00007ff8655aa000 	c:\python\DLLs\_wmi.pyd
0x00007ff86d050000 - 0x00007ff86d11d000 	C:\Windows\System32\OLEAUT32.dll
0x00007ff86c700000 - 0x00007ff86c79d000 	C:\Windows\System32\msvcp_win.dll
0x00007ff86e430000 - 0x00007ff86e783000 	C:\Windows\System32\combase.dll
0x00007ff8658b0000 - 0x00007ff8659a6000 	C:\Windows\SYSTEM32\PROPSYS.dll
0x00007ff8653c0000 - 0x00007ff8653cc000 	c:\python\VCRUNTIME140_1.dll
0x00007ff82b5a0000 - 0x00007ff82b66d000 	C:\Users\KOREAVC\AppData\Roaming\Python\Python312\site-packages\zmq\backend\cython\_zmq.cp312-win_amd64.pyd
0x00007ff8379f0000 - 0x00007ff837a8b000 	C:\Users\KOREAVC\AppData\Roaming\Python\Python312\site-packages\pyzmq.libs\msvcp140-587ef1e98d22156d27ef55ba57e44cb3.dll
0x00007ff86b8c0000 - 0x00007ff86b8fb000 	C:\Windows\SYSTEM32\IPHLPAPI.DLL
0x00007ff86be20000 - 0x00007ff86be2c000 	C:\Windows\SYSTEM32\CRYPTBASE.DLL
0x00007ff844850000 - 0x00007ff844866000 	c:\python\DLLs\_socket.pyd
0x00007ff8650b0000 - 0x00007ff8650b9000 	c:\python\DLLs\select.pyd
0x00007ff865370000 - 0x00007ff86539d000 	c:\python\DLLs\_ssl.pyd
0x00007ff86c530000 - 0x00007ff86c68e000 	C:\Windows\System32\CRYPT32.dll
0x00007ff81f4f0000 - 0x00007ff81f9e9000 	c:\python\DLLs\libcrypto-3.dll
0x00007ff86d350000 - 0x00007ff86d4ef000 	C:\Windows\System32\USER32.dll
0x00007ff82b180000 - 0x00007ff82b242000 	c:\python\DLLs\libssl-3.dll
0x00007ff86c7d0000 - 0x00007ff86c7f2000 	C:\Windows\System32\win32u.dll
0x00007ff86dd90000 - 0x00007ff86ddbb000 	C:\Windows\System32\GDI32.dll
0x00007ff86ccb0000 - 0x00007ff86cdc7000 	C:\Windows\System32\gdi32full.dll
0x00007ff86d4f0000 - 0x00007ff86d522000 	C:\Windows\System32\IMM32.DLL
0x00007ff865290000 - 0x00007ff8652a2000 	c:\python\DLLs\_asyncio.pyd
0x00007ff8653b0000 - 0x00007ff8653be000 	c:\python\DLLs\_overlapped.pyd
0x00007ff86bc30000 - 0x00007ff86bc9a000 	C:\Windows\system32\mswsock.dll
0x00007ff84e410000 - 0x00007ff84e426000 	c:\python\DLLs\_bz2.pyd
0x00007ff847010000 - 0x00007ff847039000 	c:\python\DLLs\_lzma.pyd
0x00007ff864b80000 - 0x00007ff864b89000 	c:\python\DLLs\_queue.pyd
0x00007ff865270000 - 0x00007ff865281000 	c:\python\DLLs\_hashlib.pyd
0x00007ff865260000 - 0x00007ff865267000 	C:\Users\KOREAVC\AppData\Roaming\Python\Python312\site-packages\tornado\speedups.pyd
0x00007ff844610000 - 0x00007ff844630000 	c:\python\DLLs\_ctypes.pyd
0x00007ff86ec20000 - 0x00007ff86ed4b000 	C:\Windows\System32\ole32.dll
0x00007ff861fd0000 - 0x00007ff861fdb000 	c:\python\DLLs\libffi-8.dll
0x00007ff8445d0000 - 0x00007ff84460e000 	c:\python\DLLs\_decimal.pyd
0x00007ff865240000 - 0x00007ff865247000 	c:\python\DLLs\_uuid.pyd
0x00007ff86d530000 - 0x00007ff86dc9b000 	C:\Windows\System32\shell32.DLL
0x00007ff855a50000 - 0x00007ff855a6f000 	c:\python\DLLs\_sqlite3.pyd
0x00007ff82abd0000 - 0x00007ff82ad48000 	c:\python\DLLs\sqlite3.dll
0x00007ff822160000 - 0x00007ff822277000 	c:\python\DLLs\unicodedata.pyd
0x00007ff86a270000 - 0x00007ff86a282000 	C:\Windows\SYSTEM32\kernel.appcore.dll
0x00007ff869ea0000 - 0x00007ff869f3e000 	C:\Windows\system32\uxtheme.dll
0x00007ff86e370000 - 0x00007ff86e419000 	C:\Windows\System32\clbcatq.dll
0x00007ff857820000 - 0x00007ff85783f000 	C:\Windows\SYSTEM32\amsi.dll
0x00007ff86c390000 - 0x00007ff86c3be000 	C:\Windows\SYSTEM32\USERENV.dll
0x00007ff86c3d0000 - 0x00007ff86c3f3000 	C:\Windows\SYSTEM32\profapi.dll
0x00007ff865bc0000 - 0x00007ff865c41000 	C:\ProgramData\Microsoft\Windows Defender\Platform\4.18.24040.4-0\MpOav.dll
0x00007ff843290000 - 0x00007ff8432a4000 	C:\Users\KOREAVC\AppData\Roaming\Python\Python312\site-packages\psutil\_psutil_windows.pyd
0x00007ff86dfd0000 - 0x00007ff86dfd8000 	C:\Windows\System32\PSAPI.DLL
0x00007ff8581f0000 - 0x00007ff858239000 	C:\Windows\SYSTEM32\pdh.dll
0x00007ff86ba30000 - 0x00007ff86ba7b000 	C:\Windows\SYSTEM32\POWRPROF.dll
0x00007ff86b8a0000 - 0x00007ff86b8b2000 	C:\Windows\SYSTEM32\UMPDC.dll
0x00007ff867f00000 - 0x00007ff867f14000 	C:\Windows\SYSTEM32\wtsapi32.dll
0x00007ff84e5f0000 - 0x00007ff84e5f7000 	C:\Windows\system32\wshunix.dll
0x00007ff86e420000 - 0x00007ff86e428000 	C:\Windows\System32\NSI.dll
0x00007ff868030000 - 0x00007ff868047000 	C:\Windows\SYSTEM32\dhcpcsvc6.DLL
0x00007ff868010000 - 0x00007ff86802d000 	C:\Windows\SYSTEM32\dhcpcsvc.DLL
0x00007ff86b900000 - 0x00007ff86b9cb000 	C:\Windows\SYSTEM32\DNSAPI.dll
0x00007ff8432b0000 - 0x00007ff8432e2000 	c:\python\DLLs\pyexpat.pyd
0x00007ff86e070000 - 0x00007ff86e11d000 	C:\Windows\System32\shcore.dll
0x00007ff8651a0000 - 0x00007ff8651ac000 	c:\python\Lib\site-packages\sklearn\__check_build\_check_build.cp312-win_amd64.pyd
0x00007ff836c90000 - 0x00007ff836cc2000 	c:\python\Lib\site-packages\sklearn\.libs\vcomp140.dll
0x00007ff822a10000 - 0x00007ff822a9e000 	c:\python\Lib\site-packages\sklearn\.libs\msvcp140.dll
0x00007ff81f210000 - 0x00007ff81f4e9000 	c:\python\Lib\site-packages\numpy\core\_multiarray_umath.cp312-win_amd64.pyd
0x00007ffffdf30000 - 0x00007ffffffe6000 	c:\python\Lib\site-packages\numpy.libs\libopenblas64__v0.3.23-293-gc2f4bdbb-gcc_10_3_0-2bde3a66a51006b2b53eb373ff767a3f.dll
0x00007ff8410b0000 - 0x00007ff8410c4000 	c:\python\Lib\site-packages\numpy\core\_multiarray_tests.cp312-win_amd64.pyd
0x00007ff83acb0000 - 0x00007ff83accd000 	c:\python\Lib\site-packages\numpy\linalg\_umath_linalg.cp312-win_amd64.pyd
0x00007ff836fb0000 - 0x00007ff836fce000 	c:\python\Lib\site-packages\numpy\fft\_pocketfft_internal.cp312-win_amd64.pyd
0x00007ff821480000 - 0x00007ff821514000 	c:\python\Lib\site-packages\numpy\random\mtrand.cp312-win_amd64.pyd
0x00007ff82cbd0000 - 0x00007ff82cbfb000 	c:\python\Lib\site-packages\numpy\random\bit_generator.cp312-win_amd64.pyd
0x00007ff82b890000 - 0x00007ff82b8bd000 	c:\python\Lib\site-packages\numpy\random\_common.cp312-win_amd64.pyd
0x00007ff82b140000 - 0x00007ff82b17d000 	c:\python\Lib\site-packages\numpy\random\_bounded_integers.cp312-win_amd64.pyd
0x00007ff82b120000 - 0x00007ff82b136000 	c:\python\Lib\site-packages\numpy\random\_mt19937.cp312-win_amd64.pyd
0x00007ff82b100000 - 0x00007ff82b115000 	c:\python\Lib\site-packages\numpy\random\_philox.cp312-win_amd64.pyd
0x00007ff82abb0000 - 0x00007ff82abc8000 	c:\python\Lib\site-packages\numpy\random\_pcg64.cp312-win_amd64.pyd
0x00007ff8650d0000 - 0x00007ff8650e0000 	c:\python\Lib\site-packages\numpy\random\_sfc64.cp312-win_amd64.pyd
0x00007ff8213d0000 - 0x00007ff82147d000 	c:\python\Lib\site-packages\numpy\random\_generator.cp312-win_amd64.pyd
0x00007ff82ab90000 - 0x00007ff82abad000 	c:\python\Lib\site-packages\scipy\_lib\_ccallback_c.cp312-win_amd64.pyd
0x00007ff81ee00000 - 0x00007ff81f206000 	c:\python\Lib\site-packages\scipy\sparse\_sparsetools.cp312-win_amd64.pyd
0x00007ff821310000 - 0x00007ff8213ce000 	c:\python\Lib\site-packages\scipy\sparse\_csparsetools.cp312-win_amd64.pyd
0x00007ff81fae0000 - 0x00007ff81fb78000 	c:\python\Lib\site-packages\scipy\linalg\_fblas.cp312-win_amd64.pyd
0x00007ffffbe80000 - 0x00007ffffdf2b000 	c:\python\Lib\site-packages\scipy.libs\libopenblas_v0.3.26-382-gb1e8ba50--72a863714eca5a50b38260dedc0c2f3a.dll
0x00007ff81e1d0000 - 0x00007ff81e3a5000 	c:\python\Lib\site-packages\scipy\linalg\_flapack.cp312-win_amd64.pyd
0x00007ff81e7b0000 - 0x00007ff81e843000 	c:\python\Lib\site-packages\scipy\linalg\_cythonized_array_utils.cp312-win_amd64.pyd
0x00007ff8220d0000 - 0x00007ff822157000 	c:\python\Lib\site-packages\scipy\linalg\cython_lapack.cp312-win_amd64.pyd
0x00007ff8212c0000 - 0x00007ff82130b000 	c:\python\Lib\site-packages\scipy\linalg\_solve_toeplitz.cp312-win_amd64.pyd
0x00007ff81edb0000 - 0x00007ff81edf5000 	c:\python\Lib\site-packages\scipy\linalg\_decomp_lu_cython.cp312-win_amd64.pyd
0x00007ff81e760000 - 0x00007ff81e7a5000 	c:\python\Lib\site-packages\scipy\linalg\_matfuncs_sqrtm_triu.cp312-win_amd64.pyd
0x00007ff81e150000 - 0x00007ff81e1cd000 	c:\python\Lib\site-packages\scipy\linalg\_matfuncs_expm.cp312-win_amd64.pyd
0x00007ff81e100000 - 0x00007ff81e14d000 	c:\python\Lib\site-packages\scipy\linalg\cython_blas.cp312-win_amd64.pyd
0x00007ff81e0a0000 - 0x00007ff81e0fa000 	c:\python\Lib\site-packages\scipy\linalg\_decomp_update.cp312-win_amd64.pyd
0x00007ff81e030000 - 0x00007ff81e09c000 	c:\python\Lib\site-packages\scipy\sparse\linalg\_dsolve\_superlu.cp312-win_amd64.pyd
0x00007ff81df60000 - 0x00007ff81e02b000 	c:\python\Lib\site-packages\scipy\sparse\linalg\_eigen\arpack\_arpack.cp312-win_amd64.pyd
0x00007ff81dee0000 - 0x00007ff81df56000 	c:\python\Lib\site-packages\scipy\sparse\linalg\_propack\_spropack.cp312-win_amd64.pyd
0x00007ff81d2f0000 - 0x00007ff81d366000 	c:\python\Lib\site-packages\scipy\sparse\linalg\_propack\_dpropack.cp312-win_amd64.pyd
0x00007ff81d250000 - 0x00007ff81d2e8000 	c:\python\Lib\site-packages\scipy\sparse\linalg\_propack\_cpropack.cp312-win_amd64.pyd
0x00007ff81d190000 - 0x00007ff81d241000 	c:\python\Lib\site-packages\scipy\sparse\linalg\_propack\_zpropack.cp312-win_amd64.pyd
0x00007ff81d110000 - 0x00007ff81d182000 	c:\python\Lib\site-packages\scipy\sparse\csgraph\_shortest_path.cp312-win_amd64.pyd
0x00007ff8229d0000 - 0x00007ff822a01000 	c:\python\Lib\site-packages\scipy\sparse\csgraph\_tools.cp312-win_amd64.pyd
0x00007ff81d070000 - 0x00007ff81d10d000 	c:\python\Lib\site-packages\scipy\sparse\csgraph\_traversal.cp312-win_amd64.pyd
0x00007ff81de90000 - 0x00007ff81ded2000 	c:\python\Lib\site-packages\scipy\sparse\csgraph\_min_spanning_tree.cp312-win_amd64.pyd
0x00007ff81d010000 - 0x00007ff81d062000 	c:\python\Lib\site-packages\scipy\sparse\csgraph\_flow.cp312-win_amd64.pyd
0x00007ff81cfb0000 - 0x00007ff81d004000 	c:\python\Lib\site-packages\scipy\sparse\csgraph\_matching.cp312-win_amd64.pyd
0x00007ff81cf60000 - 0x00007ff81cfb0000 	c:\python\Lib\site-packages\scipy\sparse\csgraph\_reordering.cp312-win_amd64.pyd
0x00007ff861f90000 - 0x00007ff861f9a000 	c:\python\DLLs\_multiprocessing.pyd
0x00007ff81cdb0000 - 0x00007ff81cf56000 	c:\python\Lib\site-packages\scipy\spatial\_ckdtree.cp312-win_amd64.pyd
0x00007ff81cca0000 - 0x00007ff81cdab000 	c:\python\Lib\site-packages\scipy\spatial\_qhull.cp312-win_amd64.pyd
0x00007ff822880000 - 0x00007ff822898000 	c:\python\Lib\site-packages\scipy\_lib\messagestream.cp312-win_amd64.pyd
0x00007ff81ed70000 - 0x00007ff81edad000 	c:\python\Lib\site-packages\scipy\spatial\_voronoi.cp312-win_amd64.pyd
0x00007ff821290000 - 0x00007ff8212b3000 	c:\python\Lib\site-packages\scipy\spatial\_distance_wrap.cp312-win_amd64.pyd
0x00007ff81cc60000 - 0x00007ff81cc9f000 	c:\python\Lib\site-packages\scipy\spatial\_hausdorff.cp312-win_amd64.pyd
0x00007ff81cb00000 - 0x00007ff81cc5c000 	c:\python\Lib\site-packages\scipy\special\_ufuncs.cp312-win_amd64.pyd
0x00007ff81c990000 - 0x00007ff81cafd000 	c:\python\Lib\site-packages\scipy\special\_ufuncs_cxx.cp312-win_amd64.pyd
0x00007ff81c950000 - 0x00007ff81c981000 	c:\python\Lib\site-packages\scipy\special\_cdflib.cp312-win_amd64.pyd

VM Arguments:
jvm_args: -Dfile.encoding=UTF8 -ea -Xmx1024m 
java_command: <unknown>
java_class_path (initial): C:\python\Lib\site-packages\konlpy\java;C:\python\Lib\site-packages\konlpy\java\bin;C:\python\Lib\site-packages\konlpy\java\aho-corasick.jar;C:\python\Lib\site-packages\konlpy\java\jhannanum-0.8.4.jar;C:\python\Lib\site-packages\konlpy\java\kkma-2.0.jar;C:\python\Lib\site-packages\konlpy\java\komoran-3.0.jar;C:\python\Lib\site-packages\konlpy\java\open-korean-text-2.1.0.jar;C:\python\Lib\site-packages\konlpy\java\scala-library-2.12.3.jar;C:\python\Lib\site-packages\konlpy\java\shineware-common-1.0.jar;C:\python\Lib\site-packages\konlpy\java\shineware-ds-1.0.jar;C:\python\Lib\site-packages\konlpy\java\snakeyaml-1.12.jar;C:\python\Lib\site-packages\konlpy\java\twitter-text-1.14.7.jar;C:\python\Lib\site-packages\konlpy\java\jhannanum-0.8.4.jar;C:\python\Lib\site-packages\konlpy\java\kkma-2.0.jar;C:\python\Lib\site-packages\konlpy\java\aho-corasick.jar;C:\python\Lib\site-packages\konlpy\java\shineware-common-1.0.jar;C:\python\Lib\site-packages\konlpy\java\shineware-ds-1.0.jar;C:\python\Lib\site-packages\konlpy\java\komoran-3.0.jar;C:\python\Lib\site-packages\konlpy\java\snakeyaml-1.12.jar;C:\python\Lib\site-packages\konlpy\java\scala-library-2.12.3.jar;C:\python\Lib\site-packages\konlpy\java\open-korean-text-2.1.0.jar;C:\python\Lib\site-packages\konlpy\java\twitter-text-1.14.7.jar;C:\python\Lib\site-packages\konlpy\java\aho-corasick.jar;C:\python\Lib\site-packages\konlpy\java\jhannanum-0.8.4.jar;C:\python\Lib\site-packages\konlpy\java\kkma-2.0.jar;C:\python\Lib\site-packages\konlpy\java\komoran-3.0.jar;C:\python\Lib\site-packages\konlpy\java\open-korean-text-2.1.0.jar;C:\python\Lib\site-packages\konlpy\java\scala-library-2.12.3.jar;C:\python\Lib\site-packages\konlpy\java\shineware-common-1.0.jar;C:\python\Lib\site-packages\konlpy\java\shineware-ds-1.0.jar;C:\python\Lib\site-packages\konlpy\java\snakeyaml-1.12.jar;C:\python\Lib\site-packages\konlpy\java\twitter-text-1.14.7.jar
Launcher Type: generic

Environment Variables:
PATH=c:\python;c:\Users\KOREAVC\AppData\Roaming\Python\Python312\Scripts;C:\oracle18\dbhomeXE\bin;C:\Program Files (x86)\Common Files\Oracle\Java\javapath;C:\Windows\system32;C:\Windows;C:\Windows\System32\Wbem;C:\Windows\System32\WindowsPowerShell\v1.0\;C:\Windows\System32\OpenSSH\;C:\jdk18\bin;C:\Program Files\Git\cmd;C:\Python312\;C:\python\Scripts\;C:\python\;C:\Users\KOREAVC\AppData\Local\Programs\Python\Launcher\;C:\Users\KOREAVC\AppData\Local\Microsoft\WindowsApps;C:\Python312\Scripts;C:\Python312\;C:\Users\KOREAVC\AppData\Local\Programs\Microsoft VS Code\bin;C:\oracle18\dbhomeXE\bin;C:\Program Files (x86)\Common Files\Oracle\Java\javapath;C:\Windows\system32;C:\Windows;C:\Windows\System32\Wbem;C:\Windows\System32\WindowsPowerShell\v1.0\;C:\Windows\System32\OpenSSH\;C:\jdk18\bin;C:\Program Files\Git\cmd;C:\Python312\;C:\python\Scripts\;C:\python\;C:\Users\KOREAVC\AppData\Local\Programs\Python\Launcher\;C:\Users\KOREAVC\AppData\Local\Microsoft\WindowsApps;C:\Python312\Scripts;C:\Python312\;C:\Users\KOREAVC\AppData\Local\Programs\Microsoft VS Code\bin
USERNAME=KOREAVC
OS=Windows_NT
PROCESSOR_IDENTIFIER=Intel64 Family 6 Model 158 Stepping 10, GenuineIntel



---------------  S Y S T E M  ---------------

OS: Windows 10 , 64 bit Build 19041 (10.0.19041.3636)

CPU:total 6 (initial active 6) (6 cores per cpu, 1 threads per core) family 6 model 158 stepping 10, cmov, cx8, fxsr, mmx, sse, sse2, sse3, ssse3, sse4.1, sse4.2, popcnt, avx, avx2, aes, clmul, erms, 3dnowpref, lzcnt, tsc, tscinvbit, bmi1, bmi2, adx

Memory: 4k page, physical 33497332k(23423236k free), swap 38478068k(26711100k free)

vm_info: Java HotSpot(TM) 64-Bit Server VM (25.391-b13) for windows-amd64 JRE (1.8.0_391-b13), built on Oct  4 2023 07:54:08 by "java_re" with MS VC++ 17.1 (VS2022)

time: Wed May 29 09:42:02 2024
timezone: 대한민국 표준시
elapsed time: 10.207214 seconds (0d 0h 0m 10s)

